# project noname (1.0) configured on Tue Apr 12 14:04:32 2011 by
# waf 1.5.16 (abi 7, python 20403f0 on linux2)
# using /root/local/node/bin/node-waf configure build
#

----------------------------------------
Setting srcdir to
/root/asterisk-proxy-giacomo/w1nk-node-odbc-59d8e77

----------------------------------------
Setting blddir to
/root/asterisk-proxy-giacomo/w1nk-node-odbc-59d8e77/build

----------------------------------------
Checking for program g++ or c++
  find program=['g++', 'c++'] paths=[] var='CXX'
  -> '/usr/bin/g++'

----------------------------------------
Checking for program cpp
  find program=['cpp'] paths=[] var='CPP'
  -> '/usr/bin/cpp'

----------------------------------------
Checking for program ar
  find program=['ar'] paths=[] var='AR'
  -> '/usr/bin/ar'

----------------------------------------
Checking for program ranlib
  find program=['ranlib'] paths=[] var='RANLIB'
  -> '/usr/bin/ranlib'

----------------------------------------
Checking for g++ 
ok 

----------------------------------------
Checking for node path 
not found

----------------------------------------
Checking for node prefix 
ok /root/local/node

----------------------------------------
Checking for library odbc
==>

int main() {
	return 0;
}

<==
[1/2] [32mcxx: build/.conf_check_0/test.cpp -> build/.conf_check_0/testbuild/default/test_1.o
[0m['/usr/bin/g++', '-g', '../test.cpp', '-c', '-o', 'default/test_1.o']
[2/2] [33mcxx_link: build/.conf_check_0/testbuild/default/test_1.o -> build/.conf_check_0/testbuild/default/testprog
[0m['/usr/bin/g++', 'default/test_1.o', '-o', '/root/asterisk-proxy-giacomo/w1nk-node-odbc-59d8e77/build/.conf_check_0/testbuild/default/testprog', '-L/usr/local/lib', '-L/opt/local/lib', '-Wl,-Bdynamic', '-lodbc']
yes
